[LOG] System::create                           : Header version = 1.10.09. Current version = 1.10.09.
[LOG] Manager::init                            : maxchannels = 256 studioflags = 00000006 flags 00000000 extradriverdata 0x0.
[LOG] SystemI::init                            : Initialize version=11009 (97915), maxchannels=256, flags=0x00020000
[LOG] SystemI::setOutputInternal               : Setting output to 'FMOD Core Audio Output'
[LOG] OutputCoreAudio::enumerate               : Enumerating...
[LOG] OutputCoreAudio::enumerate               : Found output driver: "Built-in Output".
[LOG] OutputCoreAudio::enumerate               : Found output driver: "Soundflower (2ch)".
[LOG] OutputCoreAudio::enumerate               : Found output driver: "Soundflower (64ch)".
[LOG] OutputCoreAudio::enumerate               : Found output driver: "Loopback Audio".
[LOG] OutputCoreAudio::enumerate               : Done.
[LOG] OutputCoreAudio::init                    : Output running 2 channels at 44100Hz sample rate.
[LOG] OutputCoreAudio::init                    : Maximum hardware read size: 1024 samples, Software buffer size: 512 samples, Number of software buffers: 4.
[WRN] SystemI::init                            : Output requires a sample rate of 44100Hz, resampling will occur.
[LOG] Thread::initThread                       : Init FMOD stream thread. Priority: 2, Stack Size: 65536, Semaphore: No, Sleep Time: 10, Looping: Yes.
[LOG] Thread::initThread                       : Init FMOD mixer thread. Priority: 3, Stack Size: 49152, Semaphore: Yes, Sleep Time: 0, Looping: Yes.
[LOG] AsyncManager::init                       : manager 0x11085e608 isAsync 0 updatePeriod 0.02
[LOG] AsyncManager::init                       : done
[LOG] PlaybackSystem::init                     : 
[LOG] Thread::initThread                       : Init FMOD Studio sample load thread. Priority: 0, Stack Size: 65536, Semaphore: No, Sleep Time: 1, Looping: No.
[LOG] PlaybackSystem::init                     : done
[LOG] Thread::initThread                       : Init FMOD Studio bank load thread. Priority: 0, Stack Size: 65536, Semaphore: No, Sleep Time: 1, Looping: No.
[LOG] Manager::init                            : done.
[LOG] Manager::readBank                        : fileversion = 101, compatVersion = 99 (oldest = 44, newest = 101)
[LOG] Manager::readBank                        : fileversion = 101, compatVersion = 99 (oldest = 44, newest = 101)
[LOG] Manager::readBank                        : fileversion = 101, compatVersion = 99 (oldest = 44, newest = 101)
[LOG] Manager::readBank                        : fileversion = 101, compatVersion = 99 (oldest = 44, newest = 101)
[LOG] Manager::readBank                        : fileversion = 101, compatVersion = 99 (oldest = 44, newest = 101)
[LOG] Manager::readBank                        : fileversion = 101, compatVersion = 99 (oldest = 44, newest = 101)
[LOG] PlaybackSystem::acquireMasterBus         : Setting master channel group format to 6
[LOG] Manager::readBank                        : fileversion = 101, compatVersion = 99 (oldest = 44, newest = 101)
[LOG] PlaybackSystem::acquireMasterBus         : Setting master channel group format to 6
[LOG] SystemI::createSoundInternal             : Create name='', mode=0x02000202
[LOG] SystemI::createSoundInternal             : exinfo->cbsize             = 232
[LOG] SystemI::createSoundInternal             : exinfo->length             = 292608
[LOG] SystemI::createSoundInternal             : exinfo->fileoffset         = 24576
[LOG] SystemI::createSoundInternal             : exinfo->numsubsounds       = 1
[LOG] SystemI::createSoundInternal             : exinfo->inclusionlist      = 0x7000089c47bc
[LOG] SystemI::createSoundInternal             : exinfo->inclusionlistnum   = 1
[LOG] SystemI::createSoundInternal             : exinfo->suggestedsoundtype = 5
[LOG] SystemI::createSoundInternal             : exinfo->useropen           = 0x1478c212b
[LOG] SystemI::createSoundInternal             : exinfo->userclose          = 0x1478c21e7
[LOG] SystemI::createSoundInternal             : exinfo->userread           = 0x1478c2217
[LOG] SystemI::createSoundInternal             : exinfo->userseek           = 0x1478c22b4
[LOG] SystemI::createSoundInternal             : exinfo->fileuserdata       = 0x14d539328
[LOG] SystemI::createSoundInternal             : exinfo->initialseekpostype = 1
[LOG] SystemI::DSPCodecPoolRegister            : register codec pool for pool type 5
[LOG] SystemI::createSoundInternal             : Sample 0/1: name='CarCrash2', format=2, channels=2, frequency=48000, lengthbytes=59968, lengthpcm=245120, pcmblocksize=0, loopstart=0, loopend=0, mode=0x00000000, channelmask=0x00000000, channelorder=0, peakvolume=0.722992.
[LOG] SystemI::createSoundInternal             : Create name='', mode=0x02000202
[LOG] SystemI::createSoundInternal             : exinfo->cbsize             = 232
[LOG] SystemI::createSoundInternal             : exinfo->length             = 292608
[LOG] SystemI::createSoundInternal             : exinfo->fileoffset         = 24576
[LOG] SystemI::createSoundInternal             : exinfo->numsubsounds       = 1
[LOG] SystemI::createSoundInternal             : exinfo->inclusionlist      = 0x7000089c47bc
[LOG] SystemI::createSoundInternal             : exinfo->inclusionlistnum   = 1
[LOG] SystemI::createSoundInternal             : exinfo->suggestedsoundtype = 5
[LOG] SystemI::createSoundInternal             : exinfo->useropen           = 0x1478c212b
[LOG] SystemI::createSoundInternal             : exinfo->userclose          = 0x1478c21e7
[LOG] SystemI::createSoundInternal             : exinfo->userread           = 0x1478c2217
[LOG] SystemI::createSoundInternal             : exinfo->userseek           = 0x1478c22b4
[LOG] SystemI::createSoundInternal             : exinfo->fileuserdata       = 0x14d539328
[LOG] SystemI::createSoundInternal             : exinfo->initialseekpostype = 1
[LOG] SystemI::DSPCodecPoolRegister            : register codec pool for pool type 5
[LOG] SystemI::createSoundInternal             : Sample 0/1: name='CarCrash1', format=2, channels=2, frequency=48000, lengthbytes=58368, lengthpcm=245120, pcmblocksize=0, loopstart=0, loopend=0, mode=0x00000000, channelmask=0x00000000, channelorder=0, peakvolume=0.732208.
[LOG] SystemI::createSoundInternal             : Create name='', mode=0x02000202
[LOG] SystemI::createSoundInternal             : exinfo->cbsize             = 232
[LOG] SystemI::createSoundInternal             : exinfo->length             = 292608
[LOG] SystemI::createSoundInternal             : exinfo->fileoffset         = 24576
[LOG] SystemI::createSoundInternal             : exinfo->numsubsounds       = 1
[LOG] SystemI::createSoundInternal             : exinfo->inclusionlist      = 0x7000089c47bc
[LOG] SystemI::createSoundInternal             : exinfo->inclusionlistnum   = 1
[LOG] SystemI::createSoundInternal             : exinfo->suggestedsoundtype = 5
[LOG] SystemI::createSoundInternal             : exinfo->useropen           = 0x1478c212b
[LOG] SystemI::createSoundInternal             : exinfo->userclose          = 0x1478c21e7
[LOG] SystemI::createSoundInternal             : exinfo->userread           = 0x1478c2217
[LOG] SystemI::createSoundInternal             : exinfo->userseek           = 0x1478c22b4
[LOG] SystemI::createSoundInternal             : exinfo->fileuserdata       = 0x14d539328
[LOG] SystemI::createSoundInternal             : exinfo->initialseekpostype = 1
[LOG] SystemI::DSPCodecPoolRegister            : register codec pool for pool type 5
[LOG] SystemI::createSoundInternal             : Sample 0/1: name='CarCrash4', format=2, channels=2, frequency=48000, lengthbytes=57792, lengthpcm=245120, pcmblocksize=0, loopstart=0, loopend=0, mode=0x00000000, channelmask=0x00000000, channelorder=0, peakvolume=0.870239.
[LOG] SystemI::createSoundInternal             : Create name='', mode=0x02000202
[LOG] SystemI::createSoundInternal             : exinfo->cbsize             = 232
[LOG] SystemI::createSoundInternal             : exinfo->length             = 292608
[LOG] SystemI::createSoundInternal             : exinfo->fileoffset         = 24576
[LOG] SystemI::createSoundInternal             : exinfo->numsubsounds       = 1
[LOG] SystemI::createSoundInternal             : exinfo->inclusionlist      = 0x7000089c47bc
[LOG] SystemI::createSoundInternal             : exinfo->inclusionlistnum   = 1
[LOG] SystemI::createSoundInternal             : exinfo->suggestedsoundtype = 5
[LOG] SystemI::createSoundInternal             : exinfo->useropen           = 0x1478c212b
[LOG] SystemI::createSoundInternal             : exinfo->userclose          = 0x1478c21e7
[LOG] SystemI::createSoundInternal             : exinfo->userread           = 0x1478c2217
[LOG] SystemI::createSoundInternal             : exinfo->userseek           = 0x1478c22b4
[LOG] SystemI::createSoundInternal             : exinfo->fileuserdata       = 0x14d539328
[LOG] SystemI::createSoundInternal             : exinfo->initialseekpostype = 1
[LOG] SystemI::DSPCodecPoolRegister            : register codec pool for pool type 5
[LOG] SystemI::createSoundInternal             : Sample 0/1: name='CarCrash3', format=2, channels=2, frequency=48000, lengthbytes=59136, lengthpcm=245120, pcmblocksize=0, loopstart=0, loopend=0, mode=0x00000000, channelmask=0x00000000, channelorder=0, peakvolume=0.727173.
[LOG] SystemI::createSoundInternal             : Create name='', mode=0x02000202
[LOG] SystemI::createSoundInternal             : exinfo->cbsize             = 232
[LOG] SystemI::createSoundInternal             : exinfo->length             = 292608
[LOG] SystemI::createSoundInternal             : exinfo->fileoffset         = 24576
[LOG] SystemI::createSoundInternal             : exinfo->numsubsounds       = 1
[LOG] SystemI::createSoundInternal             : exinfo->inclusionlist      = 0x7000089c47bc
[LOG] SystemI::createSoundInternal             : exinfo->inclusionlistnum   = 1
[LOG] SystemI::createSoundInternal             : exinfo->suggestedsoundtype = 5
[LOG] SystemI::createSoundInternal             : exinfo->useropen           = 0x1478c212b
[LOG] SystemI::createSoundInternal             : exinfo->userclose          = 0x1478c21e7
[LOG] SystemI::createSoundInternal             : exinfo->userread           = 0x1478c2217
[LOG] SystemI::createSoundInternal             : exinfo->userseek           = 0x1478c22b4
[LOG] SystemI::createSoundInternal             : exinfo->fileuserdata       = 0x14d539328
[LOG] SystemI::createSoundInternal             : exinfo->initialseekpostype = 1
[LOG] SystemI::DSPCodecPoolRegister            : register codec pool for pool type 5
[LOG] SystemI::createSoundInternal             : Sample 0/1: name='CarCrash5', format=2, channels=2, frequency=48000, lengthbytes=56864, lengthpcm=245120, pcmblocksize=0, loopstart=0, loopend=0, mode=0x00000000, channelmask=0x00000000, channelorder=0, peakvolume=0.743713.
[LOG] SoundI::release                          :  (0x15b92b118)
[LOG] SoundI::release                          :     CarCrash1 (0x15b9a01d8)
[LOG] SoundI::release                          :  (0x15b915518)
[LOG] SoundI::release                          :     CarCrash2 (0x13dc97208)
[LOG] SoundI::release                          :  (0x15b936808)
[LOG] SoundI::release                          :     CarCrash3 (0x15b9682d8)
[LOG] SoundI::release                          :  (0x13dc77fd8)
[LOG] SoundI::release                          :     CarCrash4 (0x124664d48)
[LOG] SoundI::release                          :  (0x15b918588)
[LOG] SoundI::release                          :     CarCrash5 (0x124655ba8)
